2024-10-15 12:45:07,880 [Worker-1: Loading available Gradle versions] INFO  o.e.b.c.i.u.g.PublishedGradleVersions - Gradle version information cache is up-to-date. Trying to read.
2024-10-15 12:46:42,662 [Worker-5: Loading available Gradle versions] INFO  o.e.b.c.i.u.g.PublishedGradleVersions - Gradle version information cache is up-to-date. Trying to read.
2024-10-15 12:50:51,092 [Worker-20: Loading available Gradle versions] INFO  o.e.b.c.i.u.g.PublishedGradleVersions - Gradle version information cache is up-to-date. Trying to read.
2024-10-15 13:15:42,255 [Worker-8: Loading available Gradle versions] INFO  o.e.b.c.i.u.g.PublishedGradleVersions - Gradle version information cache is up-to-date. Trying to read.
2024-10-15 13:16:19,764 [Worker-16: Enabling Maven Dependency Management] INFO  o.e.m.c.i.l.LifecycleMappingFactory - Using org.eclipse.m2e.jdt.JarLifecycleMapping lifecycle mapping for MavenProject: TestingProject:TestingProject:0.0.1-SNAPSHOT @ C:\Users\khush\OneDrive\Documents\GitHub\AutomationTestingDemo\TestingProject\pom.xml.
2024-10-15 13:16:20,895 [Worker-8: Building] WARN  o.a.m.s.f.DefaultMavenResourcesFiltering - Using platform encoding (Cp1252 actually) to copy filtered resources, i.e. build is platform dependent!
2024-10-15 13:16:20,897 [Worker-8: Building] INFO  o.a.m.s.f.DefaultMavenResourcesFiltering - skip non existing resourceDirectory C:\Users\khush\OneDrive\Documents\GitHub\AutomationTestingDemo\TestingProject\src\main\resources
2024-10-15 13:16:20,912 [Worker-8: Building] WARN  o.a.m.s.f.DefaultMavenResourcesFiltering - Using platform encoding (Cp1252 actually) to copy filtered resources, i.e. build is platform dependent!
2024-10-15 13:16:20,913 [Worker-8: Building] INFO  o.a.m.s.f.DefaultMavenResourcesFiltering - skip non existing resourceDirectory C:\Users\khush\OneDrive\Documents\GitHub\AutomationTestingDemo\TestingProject\src\test\resources
2024-10-15 13:16:21,409 [Worker-16: Enabling Maven Dependency Management] INFO  o.e.m.j.i.AbstractJavaProjectConfigurator - Adding source folder /TestingProject/src
2024-10-15 13:16:21,410 [Worker-16: Enabling Maven Dependency Management] INFO  o.e.m.j.i.AbstractJavaProjectConfigurator - Resources folder /TestingProject/src/main/resources overlaps with sources folder /TestingProject/src
2024-10-15 13:16:21,412 [Worker-16: Enabling Maven Dependency Management] INFO  o.e.m.j.i.AbstractJavaProjectConfigurator - Not adding source folder /TestingProject/src/test/java because it overlaps with /TestingProject/src
2024-10-15 13:16:21,413 [Worker-16: Enabling Maven Dependency Management] INFO  o.e.m.j.i.AbstractJavaProjectConfigurator - Resources folder /TestingProject/src/test/resources overlaps with sources folder /TestingProject/src
2024-10-15 13:16:21,586 [Worker-16: Enabling Maven Dependency Management] INFO  o.e.m.c.i.p.ProjectConfigurationManager - Update started
2024-10-15 13:16:22,283 [Worker-16: Enabling Maven Dependency Management] INFO  o.e.m.c.i.l.LifecycleMappingFactory - Using org.eclipse.m2e.jdt.JarLifecycleMapping lifecycle mapping for MavenProject: TestingProject:TestingProject:0.0.1-SNAPSHOT @ C:\Users\khush\OneDrive\Documents\GitHub\AutomationTestingDemo\TestingProject\pom.xml.
2024-10-15 13:16:22,500 [Worker-16: Enabling Maven Dependency Management] INFO  o.e.m.j.i.AbstractJavaProjectConfigurator - Adding source folder /TestingProject/src
2024-10-15 13:16:22,500 [Worker-16: Enabling Maven Dependency Management] INFO  o.e.m.j.i.AbstractJavaProjectConfigurator - Resources folder /TestingProject/src/main/resources overlaps with sources folder /TestingProject/src
2024-10-15 13:16:22,502 [Worker-16: Enabling Maven Dependency Management] INFO  o.e.m.j.i.AbstractJavaProjectConfigurator - Not adding source folder /TestingProject/src/test/java because it overlaps with /TestingProject/src
2024-10-15 13:16:22,502 [Worker-16: Enabling Maven Dependency Management] INFO  o.e.m.j.i.AbstractJavaProjectConfigurator - Resources folder /TestingProject/src/test/resources overlaps with sources folder /TestingProject/src
2024-10-15 13:16:22,590 [Worker-16: Enabling Maven Dependency Management] INFO  o.e.m.c.i.p.ProjectConfigurationManager - Update completed for 1 poms: local refresh takes 0.00 sec, refresh facades takes 0.00 sec, update config takes 0.00 sec 
2024-10-15 13:16:22,737 [Worker-8: Building] WARN  o.a.m.s.f.DefaultMavenResourcesFiltering - Using platform encoding (Cp1252 actually) to copy filtered resources, i.e. build is platform dependent!
2024-10-15 13:16:22,739 [Worker-8: Building] INFO  o.a.m.s.f.DefaultMavenResourcesFiltering - skip non existing resourceDirectory C:\Users\khush\OneDrive\Documents\GitHub\AutomationTestingDemo\TestingProject\src\main\resources
2024-10-15 13:16:22,745 [Worker-8: Building] WARN  o.a.m.s.f.DefaultMavenResourcesFiltering - Using platform encoding (Cp1252 actually) to copy filtered resources, i.e. build is platform dependent!
2024-10-15 13:16:22,748 [Worker-8: Building] INFO  o.a.m.s.f.DefaultMavenResourcesFiltering - skip non existing resourceDirectory C:\Users\khush\OneDrive\Documents\GitHub\AutomationTestingDemo\TestingProject\src\test\resources
2024-10-15 13:17:42,131 [Worker-19: Building] WARN  o.a.m.s.f.DefaultMavenResourcesFiltering - Using platform encoding (Cp1252 actually) to copy filtered resources, i.e. build is platform dependent!
2024-10-15 13:17:42,132 [Worker-19: Building] INFO  o.a.m.s.f.DefaultMavenResourcesFiltering - skip non existing resourceDirectory C:\Users\khush\OneDrive\Documents\GitHub\AutomationTestingDemo\TestingProject\src\main\resources
2024-10-15 13:17:42,137 [Worker-19: Building] WARN  o.a.m.s.f.DefaultMavenResourcesFiltering - Using platform encoding (Cp1252 actually) to copy filtered resources, i.e. build is platform dependent!
2024-10-15 13:17:42,142 [Worker-19: Building] INFO  o.a.m.s.f.DefaultMavenResourcesFiltering - skip non existing resourceDirectory C:\Users\khush\OneDrive\Documents\GitHub\AutomationTestingDemo\TestingProject\src\test\resources
2024-10-15 13:18:06,839 [Worker-9: Building] WARN  o.a.m.s.f.DefaultMavenResourcesFiltering - Using platform encoding (Cp1252 actually) to copy filtered resources, i.e. build is platform dependent!
2024-10-15 13:18:06,842 [Worker-9: Building] INFO  o.a.m.s.f.DefaultMavenResourcesFiltering - skip non existing resourceDirectory C:\Users\khush\OneDrive\Documents\GitHub\AutomationTestingDemo\TestingProject\src\main\resources
2024-10-15 13:18:06,847 [Worker-9: Building] WARN  o.a.m.s.f.DefaultMavenResourcesFiltering - Using platform encoding (Cp1252 actually) to copy filtered resources, i.e. build is platform dependent!
2024-10-15 13:18:06,849 [Worker-9: Building] INFO  o.a.m.s.f.DefaultMavenResourcesFiltering - skip non existing resourceDirectory C:\Users\khush\OneDrive\Documents\GitHub\AutomationTestingDemo\TestingProject\src\test\resources
2024-10-15 13:19:15,785 [Worker-3: Building] INFO  o.e.m.c.i.l.LifecycleMappingFactory - Using org.eclipse.m2e.jdt.JarLifecycleMapping lifecycle mapping for MavenProject: TestingProject:TestingProject:0.0.1-SNAPSHOT @ C:\Users\khush\OneDrive\Documents\GitHub\AutomationTestingDemo\TestingProject\pom.xml.
2024-10-15 13:19:15,963 [Worker-3: Building] WARN  o.a.m.s.f.DefaultMavenResourcesFiltering - Using platform encoding (Cp1252 actually) to copy filtered resources, i.e. build is platform dependent!
2024-10-15 13:19:15,966 [Worker-3: Building] INFO  o.a.m.s.f.DefaultMavenResourcesFiltering - skip non existing resourceDirectory C:\Users\khush\OneDrive\Documents\GitHub\AutomationTestingDemo\TestingProject\src\main\resources
2024-10-15 13:19:15,971 [Worker-3: Building] WARN  o.a.m.s.f.DefaultMavenResourcesFiltering - Using platform encoding (Cp1252 actually) to copy filtered resources, i.e. build is platform dependent!
2024-10-15 13:19:15,973 [Worker-3: Building] INFO  o.a.m.s.f.DefaultMavenResourcesFiltering - skip non existing resourceDirectory C:\Users\khush\OneDrive\Documents\GitHub\AutomationTestingDemo\TestingProject\src\test\resources
2024-10-15 13:19:27,044 [Worker-9: Building] INFO  o.e.m.c.i.l.LifecycleMappingFactory - Using org.eclipse.m2e.jdt.JarLifecycleMapping lifecycle mapping for MavenProject: AutomationTestingDemo:AutomationTestingDemo:0.0.1-SNAPSHOT @ C:\Users\khush\OneDrive\Documents\GitHub\AutomationTestingDemo\TestingProject\pom.xml.
2024-10-15 13:19:27,885 [Worker-9: Building] WARN  o.a.m.s.f.DefaultMavenResourcesFiltering - Using platform encoding (Cp1252 actually) to copy filtered resources, i.e. build is platform dependent!
2024-10-15 13:19:27,887 [Worker-9: Building] INFO  o.a.m.s.f.DefaultMavenResourcesFiltering - skip non existing resourceDirectory C:\Users\khush\OneDrive\Documents\GitHub\AutomationTestingDemo\TestingProject\src\main\resources
2024-10-15 13:19:27,893 [Worker-9: Building] WARN  o.a.m.s.f.DefaultMavenResourcesFiltering - Using platform encoding (Cp1252 actually) to copy filtered resources, i.e. build is platform dependent!
2024-10-15 13:19:27,895 [Worker-9: Building] INFO  o.a.m.s.f.DefaultMavenResourcesFiltering - skip non existing resourceDirectory C:\Users\khush\OneDrive\Documents\GitHub\AutomationTestingDemo\TestingProject\src\test\resources
2024-10-15 13:20:06,375 [Worker-16: Building] WARN  o.a.m.s.f.DefaultMavenResourcesFiltering - Using platform encoding (Cp1252 actually) to copy filtered resources, i.e. build is platform dependent!
2024-10-15 13:20:06,375 [Worker-16: Building] INFO  o.a.m.s.f.DefaultMavenResourcesFiltering - skip non existing resourceDirectory C:\Users\khush\OneDrive\Documents\GitHub\AutomationTestingDemo\TestingProject\src\main\resources
2024-10-15 13:20:06,391 [Worker-16: Building] WARN  o.a.m.s.f.DefaultMavenResourcesFiltering - Using platform encoding (Cp1252 actually) to copy filtered resources, i.e. build is platform dependent!
2024-10-15 13:20:06,391 [Worker-16: Building] INFO  o.a.m.s.f.DefaultMavenResourcesFiltering - skip non existing resourceDirectory C:\Users\khush\OneDrive\Documents\GitHub\AutomationTestingDemo\TestingProject\src\test\resources
2024-10-15 13:20:13,511 [Worker-19: Building] WARN  o.a.m.s.f.DefaultMavenResourcesFiltering - Using platform encoding (Cp1252 actually) to copy filtered resources, i.e. build is platform dependent!
2024-10-15 13:20:13,512 [Worker-19: Building] INFO  o.a.m.s.f.DefaultMavenResourcesFiltering - skip non existing resourceDirectory C:\Users\khush\OneDrive\Documents\GitHub\AutomationTestingDemo\TestingProject\src\main\resources
2024-10-15 13:20:13,517 [Worker-19: Building] WARN  o.a.m.s.f.DefaultMavenResourcesFiltering - Using platform encoding (Cp1252 actually) to copy filtered resources, i.e. build is platform dependent!
2024-10-15 13:20:13,519 [Worker-19: Building] INFO  o.a.m.s.f.DefaultMavenResourcesFiltering - skip non existing resourceDirectory C:\Users\khush\OneDrive\Documents\GitHub\AutomationTestingDemo\TestingProject\src\test\resources
2024-10-15 13:21:19,448 [Worker-9: Updating Maven Project] INFO  o.e.m.c.i.p.ProjectConfigurationManager - Update started
2024-10-15 13:21:19,921 [Worker-9: Updating Maven Project] INFO  o.e.m.c.i.l.LifecycleMappingFactory - Using org.eclipse.m2e.jdt.JarLifecycleMapping lifecycle mapping for MavenProject: AutomationTestingDemo:AutomationTestingDemo:0.0.1-SNAPSHOT @ C:\Users\khush\OneDrive\Documents\GitHub\AutomationTestingDemo\TestingProject\pom.xml.
2024-10-15 13:21:20,492 [Worker-9: Updating Maven Project] INFO  o.e.m.j.i.AbstractJavaProjectConfigurator - Not adding source folder /TestingProject/src/main/java because it overlaps with /TestingProject/src
2024-10-15 13:21:20,492 [Worker-9: Updating Maven Project] INFO  o.e.m.j.i.AbstractJavaProjectConfigurator - Adding resource folder /TestingProject/src/main/resources
2024-10-15 13:21:20,492 [Worker-9: Updating Maven Project] INFO  o.e.m.j.i.AbstractJavaProjectConfigurator - Not adding source folder /TestingProject/src/test/java because it overlaps with /TestingProject/src
2024-10-15 13:21:20,492 [Worker-9: Updating Maven Project] INFO  o.e.m.j.i.AbstractJavaProjectConfigurator - Adding resource folder /TestingProject/src/test/resources
2024-10-15 13:21:20,770 [Worker-9: Updating Maven Project] INFO  o.e.m.c.i.p.ProjectConfigurationManager - Update completed for 1 poms: local refresh takes 0.00 sec, refresh facades takes 0.00 sec, update config takes 0.00 sec 
2024-10-15 13:21:20,951 [Worker-3: Building] WARN  o.a.m.s.f.DefaultMavenResourcesFiltering - Using platform encoding (Cp1252 actually) to copy filtered resources, i.e. build is platform dependent!
2024-10-15 13:21:20,952 [Worker-3: Building] INFO  o.a.m.s.f.DefaultMavenResourcesFiltering - skip non existing resourceDirectory C:\Users\khush\OneDrive\Documents\GitHub\AutomationTestingDemo\TestingProject\src\main\resources
2024-10-15 13:21:20,955 [Worker-3: Building] WARN  o.a.m.s.f.DefaultMavenResourcesFiltering - Using platform encoding (Cp1252 actually) to copy filtered resources, i.e. build is platform dependent!
2024-10-15 13:21:20,956 [Worker-3: Building] INFO  o.a.m.s.f.DefaultMavenResourcesFiltering - skip non existing resourceDirectory C:\Users\khush\OneDrive\Documents\GitHub\AutomationTestingDemo\TestingProject\src\test\resources
